2016-08-23 08:56:59  x     _bzrGetOtherCmpnVersions.bat             ::          1.582 -1370334435 
2016-08-23 08:56:59  x     _bzrOtherCmpnVersions.txt                ::           .804 -0655352013 
2016-08-23 09:12:53  x     _filelist.lst                            ::           .  0  0000000000 
2016-08-23 08:56:59  x     revisions_srcJava_vishiaGUI.txt          ::         97.084 -0350105957 

2016-08-22 23:31:21 Dx     === _cmpn/ =============================================================
2016-08-22 23:31:21  x     _copyCmpn.sh                             ::          1.200 -1948653750 
2016-08-22 23:31:21  x     srcJava_Zbnf.cmpn                        ::           .179 -1283882119 
2016-08-22 23:31:21  x     srcJava_vishiaBase.cmpn                  ::           .185 -0540160529 
2016-08-22 23:31:21  x     srcJava_vishiaRun.cmpn                   ::           .183 -1315596433 

2016-08-23 08:56:59 Dx     === _make/ =============================================================
2016-08-22 23:31:21  x     Fcmd.manifest                            ::           . 39  1890256972 
2016-08-22 23:31:21  x     genDownload.sh                           ::           . 79 -0543343792 
2016-08-22 23:31:21  x     genXMI_vishiaGui.bat                     ::          1.315 -0712909080 
2016-08-22 23:31:21  x     genjavadoc.bat                           ::           .727  1956875685 
2016-08-22 23:31:21  x     genjavadoc.sh                            ::           .755  0495063694 
2016-08-22 23:31:21  x     getBzrCmpnSrc.bat                        ::           .210 -1554876145 
2016-08-22 23:31:21  x     makejar_Fcmd.bat                         ::          2.952 -0257957623 
2016-08-22 23:31:21  x     makejar_Fcmd.sh                          ::          1.662 -1247132585 
2016-08-23 08:56:59  x     makejar_vishiaGUI.bat                    ::          3.069 -0128162139 
2016-08-22 23:31:21  x     makejar_vishiaGui.sh                     ::          1.845 -1036369333 
2016-08-22 23:31:21  x     stylesheet_javadoc.css                   ::          1.879 -1539298620 
2016-08-22 23:31:21  x     vishiaGUI.manifest                       ::           . 43  1071819173 
2016-08-22 23:31:21  x     xxxjavacjar.sh                           ::          2.388 -0652346373 

2016-08-22 23:31:21 Dx     === cfg/ ===============================================================
2016-08-22 23:31:21  x     dialog.zbnf                              ::          5.303 -2045310597 

2016-08-22 23:31:21 Dx     === img/ ===============================================================
2016-08-22 23:31:21  x     Designer_gral.png                        ::         12.889 -0668358889 
2016-08-22 23:31:21  x     Fcmd_overview.png                        ::         17.689 -0974887602 
2016-08-22 23:31:21  x     GralWidgetGthreadSet_ifc_gral.png        ::         24.018  0951171492 
2016-08-22 23:31:21  x     InspcFieldTable_recv.png                 ::         20.056 -0897304593 
2016-08-22 23:31:21  x     JCmd_gralWidget_SwtTable.png             ::         14.718  0307032974 
2016-08-22 23:31:21  x     Overview_gral.png                        ::         37.189 -1444473942 
2016-08-22 23:31:21  x     Widget2_gral.png                         ::         19.463  0882937299 
2016-08-22 23:31:21  x     WidgetVariable_gral.png                  ::         11.782  0230241836 
2016-08-22 23:31:21  x     Widget_gral.png                          ::         19.152 -0419457757 
2016-08-22 23:31:21  x     guiInspc_getFieldsTableOmd.png           ::         41.789 -0562313016 
2016-08-22 23:31:21  x     guiInspc_getFieldsTableSeq.png           ::         35.227  0988344343 
2016-08-22 23:31:21  x     guiInspc_getValueTableOmd.png            ::         32.715  2108677736 

2016-08-22 22:35:39 Dx     === org/ ===============================================================

2016-08-22 23:31:21 Dx     === org/vishia/ =========================================================

2016-08-23 08:56:47 Dx     === org/vishia/commander/ ===============================================
2016-08-22 23:31:21  x     Fcmd.java                                ::         34.516  0686472715 
2016-08-22 23:31:21  x     FcmdButtons.java                         ::         18.584  0694707630 
2016-08-22 23:31:21  x     FcmdCopyCmprDel.java                     ::         67.294 -0555125355 
2016-08-22 23:31:21  x     FcmdDelete.java                          ::          8.189  0503329806 
2016-08-22 23:31:21  x     FcmdDocuSearch.java                      ::          1.167 -1869277279 
2016-08-22 23:31:21  x     FcmdEdit.java                            ::          8.096 -1962836579 
2016-08-23 08:56:47  x     FcmdExecuter.java                        ::         13.898 -0321123588 
2016-08-22 23:31:21  x     FcmdFavorCard.java                       ::         10.127 -0486442221 
2016-08-22 23:31:21  x     FcmdFavorPathSelector.java               ::         28.556 -0893580705 
2016-08-22 23:31:21  x     FcmdFileCard.java                        ::         27.060  2020589562 
2016-08-22 23:31:21  x     FcmdFileProps.java                       ::         20.390  0748270324 
2016-08-22 23:31:21  x     FcmdFilesCp.java                         ::          7.561 -1408180871 
2016-08-22 23:31:21  x     FcmdIdents.java                          ::         13.643 -1479544940 
2016-08-22 23:31:21  x     FcmdJgit.java                            ::           . 66  1216814317 
2016-08-22 23:31:21  x     FcmdKeyActions.java                      ::          2.409 -0498014726 
2016-08-22 23:31:21  x     FcmdLeftMidRightPanel.java               ::         16.440 -2113503534 
2016-08-22 23:31:21  x     FcmdMkDirFile.java                       ::          4.283 -1067123226 
2016-08-22 23:31:21  x     FcmdSettings.java                        ::          8.676 -0363343337 
2016-08-22 23:31:21  x     FcmdStatus.java                          ::          4.049 -0047873112 
2016-08-22 23:31:21  x     FcmdStatusLine.java                      ::          6.389 -0424235585 
2016-08-22 23:31:21  x     FcmdTargetProxy.java                     ::           .109  1376363690 
2016-08-22 23:31:21  x     FcmdView.java                            ::         20.388 -1183110504 
2016-08-22 23:31:21  x     FcmdWidgetNames.java                     ::          1.801  1038690272 
2016-08-22 23:31:21  x     FcmdWindowMng.java                       ::           .857  0501835567 
2016-08-22 23:31:21  x     package-info.java                        ::           .253 -2063976015 

2016-08-22 23:31:21 Dx     === org/vishia/commander/target/ ========================================
2016-08-22 23:31:21  x     FcmdtComm.java                           ::           .708  0269127882 
2016-08-22 23:31:21  x     FcmdtCopyCmd.java                        ::          2.588 -0400901790 
2016-08-22 23:31:21  x     FcmdtTarget.java                         ::           .831 -0164008310 
2016-08-22 23:31:21  x     FcmdtTarget_ifc.java                     ::           .307 -0199616121 

2016-08-22 23:31:21 Dx     === org/vishia/gral/ ====================================================
2016-08-22 23:31:21  x     colordef.txt                             ::           . 30  0877520795 
2016-08-22 23:31:21  x     disk.png                                 ::          1.269  2053274348 
2016-08-22 23:31:21  x     package-info.java                        ::          4.430  1112019594 

2016-08-22 23:31:21 Dx     === org/vishia/gral/area9/ ==============================================
2016-08-22 23:31:21  x     GralArea9MainCmd.java                    ::         12.365 -1888789678 
2016-08-22 23:31:21  x     GralArea9Window.java                     ::         33.879 -0839803506 
2016-08-22 23:31:21  x     GralArea9_ifc.java                       ::         10.883  1192447369 
2016-08-22 23:31:21  x     GuiCallingArgs.java                      ::          4.448  1683031142 
2016-08-22 23:31:21  x     GuiCfg.java                              ::         18.228 -1302996405 
2016-08-22 23:31:21  x     package-info.java                        ::           .928 -0357739378 

2016-08-23 08:56:59 Dx     === org/vishia/gral/awt/ ================================================
2016-08-22 23:31:21  x     AwtButton.java                           ::          7.213  0490870785 
2016-08-22 23:31:21  x     AwtCanvasDrawer.java                     ::          1.263  1733362635 
2016-08-22 23:31:21  x     AwtFactory.java                          ::           .598 -2087767817 
2016-08-22 23:31:21  x     AwtGralKey.java                          ::          6.683  0306023190 
2016-08-22 23:31:21  x     AwtGralMouseListener.java                ::         11.384 -1658843954 
2016-08-23 08:56:59  x     AwtGraphicThread.java                    ::          1.310  1791372752 
2016-08-22 23:31:21  x     AwtLabel.java                            ::          5.658  0384990173 
2016-08-22 23:31:21  x     AwtMenu.java                             ::          1.653  1181126523 
2016-08-22 23:31:21  x     AwtPanel.java                            ::          4.404 -2130039132 
2016-08-22 23:31:21  x     AwtProperties.java                       ::          4.234 -1153336286 
2016-08-23 08:56:59  x     AwtSubWindow.java                        ::          7.739  1266019291 
2016-08-22 23:31:21  x     AwtTextBox.java                          ::          3.165 -1817269689 
2016-08-22 23:31:21  x     AwtTextField.java                        ::          9.900 -1433945314 
2016-08-22 23:31:21  x     AwtWidget.java                           ::           .140 -0227567318 
2016-08-22 23:31:21  x     AwtWidgetHelper.java                     ::          3.566  0947988732 
2016-08-23 08:56:59  x     AwtWidgetMng.java                        ::         25.260 -0304519711 
2016-08-22 23:31:21  x     package-info.java                        ::           . 74  1260445010 

2016-08-23 09:03:44 Dx     === org/vishia/gral/base/ ===============================================
2016-08-22 23:31:21  x     GetGralWidget_ifc.java                   ::          2.072 -2006934492 
2016-08-23 08:56:59  x     GralButton.java                          ::         20.678  1671812795 
2016-08-22 23:31:21  x     GralColorConv.java                       ::         14.603  1298753472 
2016-08-22 23:31:21  x     GralCurveView.java                       ::         83.692 -2012609410 
2016-08-23 09:01:02  x     GralGraphicThread.java                   ::         21.339 -1364187959 
2016-08-22 23:31:21  x     GralGraphicTimeOrder.java                ::          4.735  2088496927 
2016-08-22 23:31:21  x     GralGridProperties.java                  ::         13.122  1699234895 
2016-08-22 23:31:21  x     GralHtmlBox.java                         ::          1.979  0774122006 
2016-08-22 23:31:21  x     GralKeyListener.java                     ::          6.588 -0792100674 
2016-08-22 23:31:21  x     GralKeySpecial_ifc.java                  ::           .662 -0643510547 
2016-08-22 23:31:21  x     GralLed.java                             ::          5.296 -1747835006 
2016-08-22 23:31:21  x     GralMenu.java                            ::          7.784 -0998305158 
2016-08-23 08:56:59  x     GralMng.java                             ::         78.135  0854854400 
2016-08-23 08:56:59  x     GralMouseWidgetAction_ifc.java           ::          4.690  0493147233 
2016-08-22 23:31:21  x     GralPanelActivated_ifc.java              ::          2.100 -0687531395 
2016-08-23 09:02:15  x     GralPanelContent.java                    ::         13.900  0853489900 
2016-08-22 23:31:21  x     GralPos.java                             ::         53.242 -1835859937 
2016-08-23 08:56:59  x     GralShowMethods.java                     ::          9.968 -0355022491 
2016-08-22 23:31:21  x     GralSlider.java                          ::          1.123  0479092505 
2016-08-22 23:31:21  x     GralTabbedPanel.java                     ::         11.005 -1811196051 
2016-08-23 08:56:47  x     GralTable.java                           ::        108.670 -0827644063 
2016-08-22 23:31:21  x     GralTextBox.java                         ::          6.502 -1259770386 
2016-08-22 23:31:21  x     GralTextField.java                       ::         30.385  1868756155 
2016-08-22 23:31:21  x     GralValueBar.java                        ::          6.321  1137566914 
2016-08-22 23:31:21  x     GralWidgImpl_ifc.java                    ::          3.572  0443933197 
2016-08-23 09:03:44  x     GralWidget.java                          ::         89.086  2032014865 
2016-08-22 23:31:21  x     GralWidgetHelper.java                    ::          1.980 -1293053732 
2016-08-23 08:56:59  x     GralWindow.java                          ::         12.073 -1076118638 
2016-08-22 23:31:21  x     GralWindow_setifc.java                   ::          1.980  0685613695 
2016-08-22 23:31:21  x     package-info.java                        ::           .413  0984628564 

2016-08-23 08:56:47 Dx     === org/vishia/gral/cfg/ ================================================
2016-08-23 08:56:47  x     GralCfgBuilder.java                      ::         19.464 -0216821283 
2016-08-22 23:31:21  x     GralCfgData.java                         ::         18.121 -1042512904 
2016-08-22 23:31:21  x     GralCfgDesigner.java                     ::         15.222 -1299687953 
2016-08-22 23:31:21  x     GralCfgElement.java                      ::         10.349 -0336936946 
2016-08-22 23:31:21  x     GralCfgPanel.java                        ::          2.204  1690942796 
2016-08-22 23:31:21  x     GralCfgPosition.java                     ::          4.695 -0790833468 
2016-08-22 23:31:21  x     GralCfgWindow.java                       ::          5.923  2110349571 
2016-08-22 23:31:21  x     GralCfgWriter.java                       ::         10.765 -1235662295 
2016-08-22 23:31:21  x     GralCfgZbnf.java                         ::         10.323  0936278210 
2016-08-22 23:31:21  x     package-info.java                        ::           .907  0254677754 

2016-08-22 23:31:21 Dx     === org/vishia/gral/example/ ============================================
2016-08-22 23:31:21  x     ExampleContextMenu.java                  ::          2.731 -1655578738 
2016-08-22 23:31:21  x     ExampleSimpleButton.java                 ::          9.934  1351286475 
2016-08-22 23:31:21  x     package-info.java                        ::           . 67  0703720841 

2016-08-23 08:56:59 Dx     === org/vishia/gral/ifc/ ================================================
2016-08-22 23:31:21  x     GralButtonKeyMenu.java                   ::          3.351  1738099002 
2016-08-22 23:31:21  x     GralCanvasStorage.java                   ::          8.404 -0388032664 
2016-08-22 23:31:21  x     GralCanvas_ifc.java                      ::          2.554 -2144388538 
2016-08-22 23:31:21  x     GralColor.java                           ::         18.443  0689480018 
2016-08-22 23:31:21  x     GralCurveViewTrack_ifc.java              ::          4.661 -1636313818 
2016-08-22 23:31:21  x     GralCurveView_ifc.java                   ::          5.903  0122950566 
2016-08-23 08:56:59  x     GralFactory.java                         ::          5.026 -1825296849 
2016-08-22 23:31:21  x     GralFileDialog_ifc.java                  ::          2.674  2114388579 
2016-08-22 23:31:21  x     GralFont.java                            ::          3.272 -0533398868 
2016-08-22 23:31:21  x     GralImageBase.java                       ::          1.708  0663012681 
2016-08-22 23:31:21  x     GralMngApplAdapter_ifc.java              ::          2.286  0504421472 
2016-08-23 08:56:47  x     GralMngBuild_ifc.java                    ::         35.185  0729465673 
2016-08-22 23:31:21  x     GralMng_ifc.java                         ::         13.066 -0534309548 
2016-08-22 23:31:21  x     GralPlugUser2Gral_ifc.java               ::          1.599  0625021935 
2016-08-22 23:31:21  x     GralPlugUser_ifc.java                    ::          3.276 -0991962629 
2016-08-22 23:31:21  x     GralPoint.java                           ::          2.280  0190499967 
2016-08-22 23:31:21  x     GralPrimaryWindow_ifc.java               ::          2.808  0072680348 
2016-08-22 23:31:21  x     GralRectangle.java                       ::          2.009 -0494633159 
2016-08-22 23:31:21  x     GralSetValue_ifc.java                    ::          3.577  0882759316 
2016-08-22 23:31:21  x     GralSlider_ifc.java                      ::           .613 -1125979330 
2016-08-22 23:31:21  x     GralTableLine_ifc.java                   ::          5.263 -0739272802 
2016-08-22 23:31:21  x     GralTable_ifc.java                       ::          9.516  2036654434 
2016-08-22 23:31:21  x     GralTextBox_ifc.java                     ::          1.702 -1517010727 
2016-08-22 23:31:21  x     GralTextFieldUser_ifc.java               ::          1.984 -1959108607 
2016-08-22 23:31:21  x     GralTextField_ifc.java                   ::          3.683  1172285042 
2016-08-22 23:31:21  x     GralUserAction.java                      ::          8.643 -1558911793 
2016-08-22 23:31:21  x     GralVisibleWidgets_ifc.java              ::          2.043 -1973459872 
2016-08-22 23:31:21  x     GralWidgetCfg_ifc.java                   ::          1.729  0126566803 
2016-08-23 08:56:47  x     GralWidget_ifc.java                      ::         20.876 -1199719016 
2016-08-22 23:31:21  x     GralWindowMng_ifc.java                   ::          5.013  1480994121 
2016-08-22 23:31:21  x     GralWindow_getifc.java                   ::          1.715 -1500220700 
2016-08-23 08:56:59  x     GralWindow_ifc.java                      ::          5.604 -2097869718 
2016-08-22 23:31:21  x     _GralChgColor.java                       ::           .863  0353112785 
2016-08-22 23:31:21  x     package-info.java                        ::           .154  0553364330 

2016-08-23 08:56:59 Dx     === org/vishia/gral/swt/ ================================================
2016-08-22 23:31:21  x     SwtButton.java                           ::         11.936 -1944041393 
2016-08-22 23:31:21  x     SwtCanvasDrawer.java                     ::          1.207 -2023641965 
2016-08-22 23:31:21  x     SwtCanvasStorePanel.java                 ::          6.255 -0769858363 
2016-08-22 23:31:21  x     SwtCurveView.java                        ::         26.440 -0998662153 
2016-08-22 23:31:21  x     SwtDragListener.java                     ::          4.329  2066993373 
2016-08-22 23:31:21  x     SwtDropListener.java                     ::          4.019 -0793578853 
2016-08-22 23:31:21  x     SwtFactory.java                          ::           .556 -1202744391 
2016-08-22 23:31:21  x     SwtFileDialog.java                       ::          2.700  1622412477 
2016-08-22 23:31:21  x     SwtFocusAction.java                      ::          2.006 -1231686787 
2016-08-22 23:31:21  x     SwtGralKey.java                          ::          6.654  0788496368 
2016-08-23 08:56:59  x     SwtGralMouseListener.java                ::         18.034  1529237897 
2016-08-23 08:56:59  x     SwtGraphicThread.java                    ::         10.019 -1021772333 
2016-08-22 23:31:21  x     SwtGridPanel.java                        ::          2.926  0220285962 
2016-08-22 23:31:21  x     SwtHorizontalSelector.java               ::          8.384 -0202441689 
2016-08-22 23:31:21  x     SwtHtmlBox.java                          ::          4.095  0587090892 
2016-08-22 23:31:21  x     SwtImage.java                            ::           .541 -0270959854 
2016-08-22 23:31:21  x     SwtKeyListener.java                      ::          3.288 -0011404889 
2016-08-22 23:31:21  x     SwtLabel.java                            ::          5.496 -1362568805 
2016-08-22 23:31:21  x     SwtLed.java                              ::          6.702  0687576467 
2016-08-22 23:31:21  x     SwtMenu.java                             ::          6.108 -0144756525 
2016-08-23 08:56:59  x     SwtMng.java                              ::         41.630 -1611792602 
2016-08-22 23:31:21  x     SwtPanel.java                            ::          4.530 -0494660980 
2016-08-22 23:31:21  x     SwtPlotArea.java                         ::          5.098 -1059382659 
2016-08-22 23:31:21  x     SwtProperties.java                       ::          5.829  0861044556 
2016-08-22 23:31:21  x     SwtSetValue_ifc.java                     ::           .374  1688335866 
2016-08-22 23:31:21  x     SwtSlider.java                           ::          1.434 -2079601575 
2016-08-23 08:56:59  x     SwtSubWindow.java                        ::         15.331  0735830315 
2016-08-22 23:31:21  x     SwtTabbedPanel.java                      ::          9.764 -0225656083 
2016-08-22 23:31:21  x     SwtTable.java                            ::         41.143  0354463470 
2016-08-22 23:31:21  x     SwtTextBox.java                          ::         13.337  1426853796 
2016-08-22 23:31:21  x     SwtTextFieldWrapper.java                 ::         17.793  1635181433 
2016-08-22 23:31:21  x     SwtTransparentLabel.java                 ::          1.856  0516273621 
2016-08-22 23:31:21  x     SwtTraverseListener.java                 ::          1.426 -0961362711 
2016-08-23 08:56:59  x     SwtValueBar.java                         ::          6.180  0810983516 
2016-08-22 23:31:21  x     SwtWidgetHelper.java                     ::          6.383  0563459617 
2016-08-22 23:31:21  x     SwtWidgetSimpleWrapper.java              ::          2.512  0351776232 
2016-08-22 23:31:21  x     package-info.java                        ::           . 64  2134856555 

2016-08-23 09:06:03 Dx     === org/vishia/gral/test/ ===============================================
2016-08-23 08:56:47  x     GralColorShow.java                       ::         66.764  1835069343 
2016-08-22 23:31:21  x     GralPlotWindow.java                      ::          3.159  0214348038 
2016-08-23 09:06:03  x     HelloWorld.java                          ::          3.024  1301733501 

2016-08-23 08:56:59 Dx     === org/vishia/gral/widget/ =============================================
2016-08-22 23:31:21  x     GralColorSelector.java                   ::          7.535 -0493836427 
2016-08-22 23:31:21  x     GralCommandSelector.java                 ::          7.137  0178240231 
2016-08-22 23:31:21  x     GralFileSelectWindow.java                ::          8.250 -0095134759 
2016-08-23 08:56:47  x     GralFileSelector.java                    ::         64.000  0414569254 
2016-08-22 23:31:21  x     GralHorizontalSelector.java              ::         10.736  0511637327 
2016-08-22 23:31:21  x     GralHtmlWindow.java                      ::           .721  1491408445 
2016-08-23 08:56:47  x     GralInfoBox.java                         ::         14.188 -0283180314 
2016-08-23 08:56:59  x     GralLabel.java                           ::           .773 -0977191202 
2016-08-22 23:31:21  x     GralMsgOutputList.java                   ::          5.228 -1844316586 
2016-08-22 23:31:21  x     GralPlotArea.java                        ::          4.515 -0761184119 
2016-08-22 23:31:21  x     GralSelectList.java                      ::          7.715  0007778096 
2016-08-22 23:31:21  x     GralSwitchExclusiveButtonMng.java        ::          2.862  0705219260 
2016-08-22 23:31:21  x     package-info.java                        ::           .397 -0227206292 

2016-08-22 23:31:21 Dx     === org/vishia/guiBzr/ ==================================================
2016-08-22 23:31:21  x     BzrCommit.java                           ::           .294 -1931817347 
2016-08-22 23:31:21  x     BzrGetStatus.java                        ::          7.447 -1408732291 
2016-08-22 23:31:21  x     BzrGui.java                              ::         11.073  0916967268 
2016-08-22 23:31:21  x     BzrIdents.java                           ::           .867 -1888400432 
2016-08-22 23:31:21  x     DataCmpn.java                            ::          2.452  2085710522 
2016-08-22 23:31:21  x     DataConfig.java                          ::          1.584 -0459106246 
2016-08-22 23:31:21  x     DataFile.java                            ::           .936 -0869447071 
2016-08-22 23:31:21  x     DataProject.java                         ::          2.257 -0023798460 
2016-08-22 23:31:21  x     GuiCommitPanel.java                      ::          2.241  0872592849 
2016-08-22 23:31:21  x     GuiFilesDiffPanel.java                   ::         15.889 -1883023298 
2016-08-22 23:31:21  x     GuiSelectPanel.java                      ::          7.275 -1899100444 
2016-08-22 23:31:21  x     GuiStatusPanel.java                      ::         11.452  1911201340 
2016-08-22 23:31:21  x     GuiSvmBzrExecution.java                  ::           . 91  2048568096 
2016-08-22 23:31:21  x     MainAction.java                          ::          6.512 -1994196816 
2016-08-22 23:31:21  x     MainData.java                            ::          3.228  1270245131 
2016-08-22 23:31:21  x     PanelOutput.java                         ::          1.327  0949896798 

2016-08-23 08:56:59 Dx     === org/vishia/guiInspc/ ================================================
2016-08-23 08:56:59  x     InspcCurveView.java                      ::         58.333 -0199786288 
2016-08-22 23:31:21  x     InspcCurveViewApp.java                   ::          1.786  1991813217 
2016-08-23 08:56:47  x     InspcFieldTable.java                     ::         23.941  1882077789 
2016-08-23 08:56:59  x     InspcGui.java                            ::         23.858  1524169956 
2016-08-22 23:31:21  x     InspcGuiFieldsFromFile.java              ::          4.768 -1365812909 
2016-08-22 23:31:21  x     InspcViewTargetComm.java                 ::          5.865 -1087273853 

2016-08-22 23:31:21 Dx     === org/vishia/guiViewCfg/ ==============================================
2016-08-22 23:31:21  x     OamOutFileReader.java                    ::          3.504  0576179557 
2016-08-22 23:31:21  x     OamRcvValue.java                         ::          4.275 -0501686619 
2016-08-22 23:31:21  x     OamShowValues.java                       ::         19.852 -1106551501 
2016-08-22 23:31:21  x     ViewCfg.java                             ::          8.628 -1199069239 

2016-08-23 08:56:47 Dx     === org/vishia/simSelector/ =============================================
2016-08-23 08:56:47  x     SimSelector.java                         ::         10.265  1863816419 

2016-08-22 23:31:21 Dx     === org/vishia/testApplet/ ==============================================
2016-08-22 23:31:21  x     TestHallo.java                           ::           .236 -0012385631 

2016-08-22 23:31:21 Dx     === org/vishia/vcs/ =====================================================
2016-08-22 23:31:21  x     Bzr.java                                 ::          3.474 -1342240407 

2016-08-22 23:31:21 Dx     === org/vishia/windows/ =================================================
2016-08-22 23:31:21  x     WindowMng.java                           ::          2.377  1312387789 

2016-08-23 08:56:59 Dx     === rpy/ ===============================================================
2016-08-23 08:56:59  x     vishiaGral.rpy                           ::          2.200 -1961552605 
2016-08-23 08:56:59  x     vishiaGral_XMI.rpy                       ::          4.632 -2141328797 

2016-08-23 08:56:59 Dx     === rpy/vishiaGral_rpy/ =================================================
2016-08-23 08:56:59  x     Docu.sbs                                 ::       1520.115 -1829323974 
2016-08-23 08:56:59  x     Docu_Fcmd.sbs                            ::        217.928  0728127916 
2016-08-23 08:56:59  x     Docu_Gral.sbs                            ::       1399.339  1333391542 
